Flutter crash report; please file at https://github.com/flutter/flutter/issues.

## command

flutter run --trace-startup

## exception

UnsupportedError: Unsupported operation: Cannot extract a non-Windows file path from a file URI with an authority

```
#0      _Uri._toFilePath (dart:core/uri.dart:2634:7)
#1      _Uri.toFilePath (dart:core/uri.dart:2629:49)
#2      DartDependencySetBuilder.build (package:flutter_tools/src/dart/dependencies.dart:91:58)
#3      HotRunner._refreshDartDependencies (package:flutter_tools/src/run_hot.dart:120:69)
<asynchronous suspension>
#4      HotRunner.run (package:flutter_tools/src/run_hot.dart:264:16)
<asynchronous suspension>
#5      RunCommand.runCommand (package:flutter_tools/src/commands/run.dart:398:37)
<asynchronous suspension>
#6      FlutterCommand.verifyThenRunCommand (package:flutter_tools/src/runner/flutter_command.dart:401:18)
#7      _asyncThenWrapperHelper.<anonymous closure> (dart:async/runtime/libasync_patch.dart:77:64)
#8      _rootRunUnary (dart:async/zone.dart:1132:38)
#9      _CustomZone.runUnary (dart:async/zone.dart:1029:19)
#10     _FutureListener.handleValue (dart:async/future_impl.dart:129:18)
#11     Future._propagateToListeners.handleValueCallback (dart:async/future_impl.dart:642:45)
#12     Future._propagateToListeners (dart:async/future_impl.dart:671:32)
#13     Future._complete (dart:async/future_impl.dart:476:7)
#14     _SyncCompleter.complete (dart:async/future_impl.dart:51:12)
#15     _AsyncAwaitCompleter.complete (dart:async/runtime/libasync_patch.dart:28:18)
#16     _completeOnAsyncReturn (dart:async/runtime/libasync_patch.dart:295:13)
#17     RunCommand.usageValues (package:flutter_tools/src/commands/run.dart)
#18     _asyncThenWrapperHelper.<anonymous closure> (dart:async/runtime/libasync_patch.dart:77:64)
#19     _rootRunUnary (dart:async/zone.dart:1132:38)
#20     _CustomZone.runUnary (dart:async/zone.dart:1029:19)
#21     _FutureListener.handleValue (dart:async/future_impl.dart:129:18)
#22     Future._propagateToListeners.handleValueCallback (dart:async/future_impl.dart:642:45)
#23     Future._propagateToListeners (dart:async/future_impl.dart:671:32)
#24     Future._complete (dart:async/future_impl.dart:476:7)
#25     _SyncCompleter.complete (dart:async/future_impl.dart:51:12)
#26     _AsyncAwaitCompleter.complete.<anonymous closure> (dart:async/runtime/libasync_patch.dart:33:20)
#27     _rootRun (dart:async/zone.dart:1124:13)
#28     _CustomZone.run (dart:async/zone.dart:1021:19)
#29     _CustomZone.bindCallback.<anonymous closure> (dart:async/zone.dart:947:23)
#30     _microtaskLoop (dart:async/schedule_microtask.dart:41:21)
#31     _startMicrotaskLoop (dart:async/schedule_microtask.dart:50:5)
#32     _runPendingImmediateCallback (dart:isolate/runtime/libisolate_patch.dart:115:13)
#33     _RawReceivePortImpl._handleMessage (dart:isolate/runtime/libisolate_patch.dart:172:5)
```

## flutter doctor

```
[32m[✓][39m Flutter (Channel beta, v0.11.13, on Mac OS X 10.13.6 17G65, locale en-AE)
    [32m•[39m Flutter version 0.11.13 at /Users/kaaddevelopers/Development/Flutter/Flutter
    [32m•[39m Framework revision 58c8489fcd (2 days ago), 2018-11-29 19:20:18 -0500
    [32m•[39m Engine revision 7375a0f414
    [32m•[39m Dart version 2.1.0 (build 2.1.0-dev.9.4 f9ebf21297)

[32m[✓][39m Android toolchain - develop for Android devices (Android SDK 28.0.3)
    [32m•[39m Android SDK at /Users/kaaddevelopers/Library/Android/sdk
    [32m•[39m Android NDK at /Users/kaaddevelopers/Library/Android/sdk/ndk-bundle
    [32m•[39m Platform android-28, build-tools 28.0.3
    [32m•[39m Java binary at: /Applications/Android Studio.app/Contents/jre/jdk/Contents/Home/bin/java
    [32m•[39m Java version OpenJDK Runtime Environment (build 1.8.0_152-release-1136-b06)
    [32m•[39m All Android licenses accepted.

[33m[!][39m iOS toolchain - develop for iOS devices (Xcode 10.1)
    [32m•[39m Xcode at /Applications/Xcode.app/Contents/Developer
    [32m•[39m Xcode 10.1, Build version 10B61
    [31m✗[39m Verify that all connected devices have been paired with this computer in Xcode.
      If all devices have been paired, libimobiledevice and ideviceinstaller may require updating.
      To update with Brew, run:
        brew update
        brew uninstall --ignore-dependencies libimobiledevice
        brew uninstall --ignore-dependencies usbmuxd
        brew install --HEAD usbmuxd
        brew unlink usbmuxd
        brew link usbmuxd
        brew install --HEAD libimobiledevice
        brew install ideviceinstaller
    [32m•[39m ios-deploy 2.0.0
    [32m•[39m CocoaPods version 1.5.0

[32m[✓][39m Android Studio (version 3.2)
    [32m•[39m Android Studio at /Applications/Android Studio.app/Contents
    [32m•[39m Flutter plugin version 26.0.1
    [32m•[39m Dart plugin version 173.4700
    [32m•[39m Java version OpenJDK Runtime Environment (build 1.8.0_152-release-1136-b06)

[33m[!][39m IntelliJ IDEA Ultimate Edition (version 2018.3)
    [32m•[39m IntelliJ at /Users/kaaddevelopers/Applications/JetBrains Toolbox/IntelliJ IDEA Ultimate.app
    [31m✗[39m Flutter plugin not installed; this adds Flutter specific functionality.
    [31m✗[39m Dart plugin not installed; this adds Dart specific functionality.
    [32m•[39m For information about installing plugins, see
      https://flutter.io/intellij-setup/#installing-the-plugins

[32m[✓][39m VS Code (version 1.29.1)
    [32m•[39m VS Code at /Applications/Visual Studio Code.app/Contents
    [32m•[39m Flutter extension version 2.20.0

[32m[✓][39m Connected device (1 available)
    [32m•[39m Android SDK built for x86 • emulator-5554 • android-x86 • Android P (API 27) (emulator)

[33m![39m Doctor found issues in 2 categories.
```
